{"/Users/ryan-work/Downloads/Code/supersight/aws-cdk-typescript/cdk-infra/src/lambda/app.ts": {"path":"/Users/ryan-work/Downloads/Code/supersight/aws-cdk-typescript/cdk-infra/src/lambda/app.ts","statementMap":{"0":{"start":{"line":1,"column":0},"end":{"line":1,"column":26}},"1":{"start":{"line":2,"column":0},"end":{"line":2,"column":30}},"2":{"start":{"line":3,"column":0},"end":{"line":3,"column":32}},"3":{"start":{"line":4,"column":0},"end":{"line":4,"column":94}},"4":{"start":{"line":6,"column":0},"end":{"line":6,"column":64}},"5":{"start":{"line":7,"column":0},"end":{"line":7,"column":9}},"6":{"start":{"line":9,"column":12},"end":{"line":9,"column":21}},"7":{"start":{"line":12,"column":0},"end":{"line":12,"column":24}},"8":{"start":{"line":15,"column":0},"end":{"line":25,"column":3}},"9":{"start":{"line":16,"column":2},"end":{"line":24,"column":3}},"10":{"start":{"line":18,"column":4},"end":{"line":18,"column":31}},"11":{"start":{"line":20,"column":4},"end":{"line":20,"column":37}},"12":{"start":{"line":22,"column":4},"end":{"line":22,"column":50}},"13":{"start":{"line":23,"column":4},"end":{"line":23,"column":70}},"14":{"start":{"line":27,"column":0},"end":{"line":27,"column":71}},"15":{"start":{"line":27,"column":37},"end":{"line":27,"column":69}},"16":{"start":{"line":29,"column":0},"end":{"line":37,"column":3}},"17":{"start":{"line":30,"column":2},"end":{"line":36,"column":3}},"18":{"start":{"line":31,"column":4},"end":{"line":31,"column":31}},"19":{"start":{"line":32,"column":4},"end":{"line":32,"column":49}},"20":{"start":{"line":34,"column":4},"end":{"line":34,"column":50}},"21":{"start":{"line":35,"column":4},"end":{"line":35,"column":70}},"22":{"start":{"line":40,"column":0},"end":{"line":54,"column":3}},"23":{"start":{"line":41,"column":17},"end":{"line":41,"column":67}},"24":{"start":{"line":43,"column":2},"end":{"line":53,"column":3}},"25":{"start":{"line":44,"column":21},"end":{"line":48,"column":null}},"26":{"start":{"line":50,"column":4},"end":{"line":50,"column":62}},"27":{"start":{"line":52,"column":4},"end":{"line":52,"column":36}},"28":{"start":{"line":56,"column":0},"end":{"line":56,"column":19}}},"fnMap":{"0":{"name":"(anonymous_1)","decl":{"start":{"line":15,"column":13},"end":{"line":15,"column":18}},"loc":{"start":{"line":15,"column":32},"end":{"line":25,"column":1}}},"1":{"name":"(anonymous_2)","decl":{"start":{"line":27,"column":17},"end":{"line":27,"column":22}},"loc":{"start":{"line":27,"column":37},"end":{"line":27,"column":69}}},"2":{"name":"(anonymous_3)","decl":{"start":{"line":29,"column":23},"end":{"line":29,"column":28}},"loc":{"start":{"line":29,"column":42},"end":{"line":37,"column":1}}},"3":{"name":"(anonymous_4)","decl":{"start":{"line":40,"column":19},"end":{"line":40,"column":24}},"loc":{"start":{"line":40,"column":38},"end":{"line":54,"column":1}}}},"branchMap":{},"s":{"0":1,"1":1,"2":1,"3":1,"4":1,"5":1,"6":1,"7":1,"8":1,"9":0,"10":0,"11":0,"12":0,"13":0,"14":1,"15":1,"16":1,"17":0,"18":0,"19":0,"20":0,"21":0,"22":1,"23":0,"24":0,"25":0,"26":0,"27":0,"28":1},"f":{"0":0,"1":1,"2":0,"3":0},"b":{}}
,"/Users/ryan-work/Downloads/Code/supersight/aws-cdk-typescript/cdk-infra/src/lambda/config/db.ts": {"path":"/Users/ryan-work/Downloads/Code/supersight/aws-cdk-typescript/cdk-infra/src/lambda/config/db.ts","statementMap":{"0":{"start":{"line":1,"column":0},"end":{"line":1,"column":37}},"1":{"start":{"line":2,"column":0},"end":{"line":2,"column":40}},"2":{"start":{"line":3,"column":0},"end":{"line":3,"column":32}},"3":{"start":{"line":4,"column":0},"end":{"line":4,"column":38}},"4":{"start":{"line":6,"column":0},"end":{"line":6,"column":9}},"5":{"start":{"line":8,"column":13},"end":{"line":23,"column":3}},"6":{"start":{"line":26,"column":34},"end":{"line":36,"column":1}},"7":{"start":{"line":27,"column":2},"end":{"line":35,"column":3}},"8":{"start":{"line":28,"column":4},"end":{"line":31,"column":5}},"9":{"start":{"line":29,"column":6},"end":{"line":29,"column":39}},"10":{"start":{"line":30,"column":6},"end":{"line":30,"column":73}},"11":{"start":{"line":33,"column":4},"end":{"line":33,"column":63}},"12":{"start":{"line":34,"column":4},"end":{"line":34,"column":81}},"13":{"start":{"line":26,"column":13},"end":{"line":26,"column":34}}},"fnMap":{"0":{"name":"(anonymous_1)","decl":{"start":{"line":26,"column":34},"end":{"line":26,"column":39}},"loc":{"start":{"line":26,"column":45},"end":{"line":36,"column":1}}}},"branchMap":{"0":{"loc":{"start":{"line":28,"column":4},"end":{"line":31,"column":5}},"type":"if","locations":[{"start":{"line":28,"column":4},"end":{"line":31,"column":5}}]}},"s":{"0":1,"1":1,"2":1,"3":1,"4":1,"5":1,"6":1,"7":0,"8":0,"9":0,"10":0,"11":0,"12":0,"13":1},"f":{"0":0},"b":{"0":[0]}}
,"/Users/ryan-work/Downloads/Code/supersight/aws-cdk-typescript/cdk-infra/src/lambda/entities/User.ts": {"path":"/Users/ryan-work/Downloads/Code/supersight/aws-cdk-typescript/cdk-infra/src/lambda/entities/User.ts","statementMap":{"0":{"start":{"line":1,"column":0},"end":{"line":1,"column":65}},"1":{"start":{"line":4,"column":7},"end":{"line":13,"column":null}},"2":{"start":{"line":4,"column":13},"end":{"line":4,"column":17}},"3":{"start":{"line":6,"column":2},"end":{"line":6,"column":null}},"4":{"start":{"line":9,"column":2},"end":{"line":9,"column":null}},"5":{"start":{"line":12,"column":2},"end":{"line":12,"column":null}},"6":{"start":{"line":4,"column":13},"end":{"line":13,"column":null}}},"fnMap":{},"branchMap":{},"s":{"0":1,"1":1,"2":1,"3":1,"4":1,"5":1,"6":1},"f":{},"b":{}}
}
