TN:
SF:src/lambda/app.ts
FN:15,(anonymous_1)
FN:27,(anonymous_2)
FN:29,(anonymous_3)
FN:40,(anonymous_4)
FNF:4
FNH:1
FNDA:0,(anonymous_1)
FNDA:1,(anonymous_2)
FNDA:0,(anonymous_3)
FNDA:0,(anonymous_4)
DA:1,1
DA:2,1
DA:3,1
DA:4,1
DA:6,1
DA:7,1
DA:9,1
DA:12,1
DA:15,1
DA:16,0
DA:18,0
DA:20,0
DA:22,0
DA:23,0
DA:27,1
DA:29,1
DA:30,0
DA:31,0
DA:32,0
DA:34,0
DA:35,0
DA:40,1
DA:41,0
DA:43,0
DA:44,0
DA:50,0
DA:52,0
DA:56,1
LF:28
LH:13
BRF:0
BRH:0
end_of_record
TN:
SF:src/lambda/config/db.ts
FN:26,(anonymous_1)
FNF:1
FNH:0
FNDA:0,(anonymous_1)
DA:1,1
DA:2,1
DA:3,1
DA:4,1
DA:6,1
DA:8,1
DA:26,1
DA:27,0
DA:28,0
DA:29,0
DA:30,0
DA:33,0
DA:34,0
LF:13
LH:7
BRDA:28,0,0,0
BRF:1
BRH:0
end_of_record
TN:
SF:src/lambda/entities/User.ts
FNF:0
FNH:0
DA:1,1
DA:4,1
DA:6,1
DA:9,1
DA:12,1
LF:5
LH:5
BRF:0
BRH:0
end_of_record
